<testsuites name="Mocha Tests">
  <testsuite name="Placeholder test: " tests="1" errors="0" failures="0" skipped="0" timestamp="2017-03-14T15:08:19" time="0.061">
    <testcase classname="Placeholder test: " name="app should get answer 200 on GET /" time="0.05">
    </testcase>
  </testsuite>
  <testsuite name="Freelance-get test: " tests="1" errors="0" failures="0" skipped="0" timestamp="2017-03-14T15:08:19" time="0.007">
    <testcase classname="Freelance-get test: " name="app should get answer 200 on GET /" time="0.006">
    </testcase>
  </testsuite>
  <testsuite name="Freelance-post test: " tests="3" errors="0" failures="0" skipped="0" timestamp="2017-03-14T15:08:19" time="0.109">
    <testcase classname="Freelance-post test: " name="app should get answer 200 on POST /freelance" time="0.1">
    </testcase>
    <testcase classname="Freelance-post test: " name="app should get answer 400 on POST /freelance" time="0.006">
    </testcase>
    <testcase classname="Freelance-post test: " name="app should get answer 400 on POST /freelance" time="0.003">
    </testcase>
  </testsuite>
</testsuites>